<?xml version="1.0" encoding="UTF-8"?>
<testsuite xmlns:xsi="http://www.w3.org/2001/XMLSchema-instance" xsi:noNamespaceSchemaLocation="https://maven.apache.org/surefire/maven-surefire-plugin/xsd/surefire-test-report.xsd" name="edu.qc.seclass.replace.MyMainTest" time="0.054" tests="30" errors="0" skipped="0" failures="0">
  <properties>
[...]
</properties>
  <testcase name="mainTest1" classname="edu.qc.seclass.replace.MyMainTest" time="0"/>
  <testcase name="mainTest2" classname="edu.qc.seclass.replace.MyMainTest" time="0"/>
  <testcase name="mainTest3" classname="edu.qc.seclass.replace.MyMainTest" time="0"/>
  <testcase name="mainTest4" classname="edu.qc.seclass.replace.MyMainTest" time="0.002"/>
  <testcase name="mainTest5" classname="edu.qc.seclass.replace.MyMainTest" time="0.002"/>
  <testcase name="mainTest6" classname="edu.qc.seclass.replace.MyMainTest" time="0.003"/>
  <testcase name="mainTest7" classname="edu.qc.seclass.replace.MyMainTest" time="0.001"/>
  <testcase name="mainTest8" classname="edu.qc.seclass.replace.MyMainTest" time="0.002"/>
  <testcase name="mainTest9" classname="edu.qc.seclass.replace.MyMainTest" time="0.001"/>
  <testcase name="mainTest10" classname="edu.qc.seclass.replace.MyMainTest" time="0.002"/>
  <testcase name="mainTest11" classname="edu.qc.seclass.replace.MyMainTest" time="0.001"/>
  <testcase name="mainTest12" classname="edu.qc.seclass.replace.MyMainTest" time="0.002"/>
  <testcase name="mainTest13" classname="edu.qc.seclass.replace.MyMainTest" time="0.002"/>
  <testcase name="mainTest14" classname="edu.qc.seclass.replace.MyMainTest" time="0.001"/>
  <testcase name="mainTest15" classname="edu.qc.seclass.replace.MyMainTest" time="0.003"/>
  <testcase name="mainTest16" classname="edu.qc.seclass.replace.MyMainTest" time="0.002"/>
  <testcase name="mainTest17" classname="edu.qc.seclass.replace.MyMainTest" time="0.001"/>
  <testcase name="mainTest18" classname="edu.qc.seclass.replace.MyMainTest" time="0.001"/>
  <testcase name="mainTest19" classname="edu.qc.seclass.replace.MyMainTest" time="0.001"/>
  <testcase name="mainTest20" classname="edu.qc.seclass.replace.MyMainTest" time="0.002"/>
  <testcase name="mainTest21" classname="edu.qc.seclass.replace.MyMainTest" time="0.003"/>
  <testcase name="mainTest22" classname="edu.qc.seclass.replace.MyMainTest" time="0.001"/>
  <testcase name="mainTest23" classname="edu.qc.seclass.replace.MyMainTest" time="0.001"/>
  <testcase name="mainTest24" classname="edu.qc.seclass.replace.MyMainTest" time="0.001"/>
  <testcase name="mainTest25" classname="edu.qc.seclass.replace.MyMainTest" time="0.001"/>
  <testcase name="mainTest26" classname="edu.qc.seclass.replace.MyMainTest" time="0.002"/>
  <testcase name="mainTest27" classname="edu.qc.seclass.replace.MyMainTest" time="0.001"/>
  <testcase name="mainTest28" classname="edu.qc.seclass.replace.MyMainTest" time="0.002"/>
  <testcase name="mainTest29" classname="edu.qc.seclass.replace.MyMainTest" time="0.002"/>
  <testcase name="mainTest30" classname="edu.qc.seclass.replace.MyMainTest" time="0.002"/>
</testsuite>